# JRE version: Java(TM) SE Runtime Environment (17.0.3.1+2) (build 17.0.3.1+2-LTS-6)
# Java VM: Java HotSpot(TM) 64-Bit Server VM (17.0.3.1+2-LTS-6, mixed mode, sharing, tiered, compressed oops, compressed class ptrs, g1 gc, windows-amd64)
GC Precious Log:
 CPUs: 4 total, 4 available
 Memory: 7878M
 Large Page Support: Disabled
 NUMA Support: Disabled
 Compressed Oops: Enabled (32-bit)
 Heap Region Size: 1M
 Heap Min Capacity: 512M
 Heap Initial Capacity: 512M
 Heap Max Capacity: 768M
 Pre-touch: Disabled
 Parallel Workers: 4
 Concurrent Workers: 1
 Concurrent Refinement Workers: 4
 Periodic GC: Disabled
Heap:
 garbage-first heap   total 524288K, used 321500K [0x00000000d0000000, 0x0000000100000000)
  region size 1024K, 182 young (186368K), 0 survivors (0K)
 Metaspace       used 18073K, committed 18496K, reserved 1073152K
  class space    used 1600K, committed 1792K, reserved 1048576K
GC Heap History (20 events):
Event: 65.468 GC heap before
{Heap before GC invocations=487 (full 129):
 garbage-first heap   total 688128K, used 644033K [0x00000000d0000000, 0x0000000100000000)
  region size 1024K, 400 young (409600K), 2 survivors (2048K)
 Metaspace       used 18073K, committed 18496K, reserved 1073152K
  class space    used 1600K, committed 1792K, reserved 1048576K
}
Event: 65.481 GC heap after
{Heap after GC invocations=488 (full 129):
 garbage-first heap   total 688128K, used 213441K [0x00000000d0000000, 0x0000000100000000)
  region size 1024K, 13 young (13312K), 13 survivors (13312K)
 Metaspace       used 18073K, committed 18496K, reserved 1073152K
  class space    used 1600K, committed 1792K, reserved 1048576K
}
Event: 65.516 GC heap before
{Heap before GC invocations=488 (full 129):
 garbage-first heap   total 688128K, used 346561K [0x00000000d0000000, 0x0000000100000000)
  region size 1024K, 46 young (47104K), 13 survivors (13312K)
 Metaspace       used 18073K, committed 18496K, reserved 1073152K
  class space    used 1600K, committed 1792K, reserved 1048576K
}
Event: 65.530 GC heap after
{Heap after GC invocations=489 (full 129):
 garbage-first heap   total 688128K, used 209633K [0x00000000d0000000, 0x0000000100000000)
  region size 1024K, 13 young (13312K), 13 survivors (13312K)
 Metaspace       used 18073K, committed 18496K, reserved 1073152K
  class space    used 1600K, committed 1792K, reserved 1048576K
}
Event: 65.571 GC heap before
{Heap before GC invocations=489 (full 129):
 garbage-first heap   total 688128K, used 355041K [0x00000000d0000000, 0x0000000100000000)
  region size 1024K, 54 young (55296K), 13 survivors (13312K)
 Metaspace       used 18073K, committed 18496K, reserved 1073152K
  class space    used 1600K, committed 1792K, reserved 1048576K
}
Event: 65.584 GC heap after
{Heap after GC invocations=490 (full 129):
 garbage-first heap   total 688128K, used 227393K [0x00000000d0000000, 0x0000000100000000)
  region size 1024K, 14 young (14336K), 14 survivors (14336K)
 Metaspace       used 18073K, committed 18496K, reserved 1073152K
  class space    used 1600K, committed 1792K, reserved 1048576K
}
Event: 65.612 GC heap before
{Heap before GC invocations=490 (full 129):
 garbage-first heap   total 688128K, used 334913K [0x00000000d0000000, 0x0000000100000000)
  region size 1024K, 35 young (35840K), 14 survivors (14336K)
 Metaspace       used 18073K, committed 18496K, reserved 1073152K
  class space    used 1600K, committed 1792K, reserved 1048576K
}
Event: 65.626 GC heap after
{Heap after GC invocations=491 (full 129):
 garbage-first heap   total 688128K, used 226753K [0x00000000d0000000, 0x0000000100000000)
  region size 1024K, 13 young (13312K), 13 survivors (13312K)
 Metaspace       used 18073K, committed 18496K, reserved 1073152K
  class space    used 1600K, committed 1792K, reserved 1048576K
}
Event: 65.678 GC heap before
{Heap before GC invocations=491 (full 129):
 garbage-first heap   total 688128K, used 364993K [0x00000000d0000000, 0x0000000100000000)
  region size 1024K, 64 young (65536K), 13 survivors (13312K)
 Metaspace       used 18073K, committed 18496K, reserved 1073152K
  class space    used 1600K, committed 1792K, reserved 1048576K
}
Event: 65.692 GC heap after
{Heap after GC invocations=492 (full 129):
 garbage-first heap   total 688128K, used 227169K [0x00000000d0000000, 0x0000000100000000)
  region size 1024K, 13 young (13312K), 13 survivors (13312K)
 Metaspace       used 18073K, committed 18496K, reserved 1073152K
  class space    used 1600K, committed 1792K, reserved 1048576K
}
Event: 66.692 GC heap before
{Heap before GC invocations=492 (full 129):
 garbage-first heap   total 688128K, used 616289K [0x00000000d0000000, 0x0000000100000000)
  region size 1024K, 373 young (381952K), 13 survivors (13312K)
 Metaspace       used 18073K, committed 18496K, reserved 1073152K
  class space    used 1600K, committed 1792K, reserved 1048576K
}
Event: 66.709 GC heap after
{Heap after GC invocations=493 (full 129):
 garbage-first heap   total 717824K, used 201830K [0x00000000d0000000, 0x0000000100000000)
  region size 1024K, 18 young (18432K), 18 survivors (18432K)
 Metaspace       used 18073K, committed 18496K, reserved 1073152K
  class space    used 1600K, committed 1792K, reserved 1048576K
}
Event: 66.878 GC heap before
{Heap before GC invocations=493 (full 129):
 garbage-first heap   total 717824K, used 484454K [0x00000000d0000000, 0x0000000100000000)
  region size 1024K, 168 young (172032K), 18 survivors (18432K)
 Metaspace       used 18073K, committed 18496K, reserved 1073152K
  class space    used 1600K, committed 1792K, reserved 1048576K
}
Event: 66.902 GC heap after
{Heap after GC invocations=494 (full 129):
 garbage-first heap   total 717824K, used 234824K [0x00000000d0000000, 0x0000000100000000)
  region size 1024K, 24 young (24576K), 24 survivors (24576K)
 Metaspace       used 18073K, committed 18496K, reserved 1073152K
  class space    used 1600K, committed 1792K, reserved 1048576K
}
Event: 66.944 GC heap before
{Heap before GC invocations=494 (full 129):
 garbage-first heap   total 717824K, used 377160K [0x00000000d0000000, 0x0000000100000000)
  region size 1024K, 62 young (63488K), 24 survivors (24576K)
 Metaspace       used 18073K, committed 18496K, reserved 1073152K
  class space    used 1600K, committed 1792K, reserved 1048576K
}
Event: 66.969 GC heap after
{Heap after GC invocations=495 (full 129):
 garbage-first heap   total 717824K, used 234797K [0x00000000d0000000, 0x0000000100000000)
  region size 1024K, 24 young (24576K), 24 survivors (24576K)
 Metaspace       used 18073K, committed 18496K, reserved 1073152K
  class space    used 1600K, committed 1792K, reserved 1048576K
}
Event: 67.017 GC heap before
{Heap before GC invocations=495 (full 129):
 garbage-first heap   total 717824K, used 379181K [0x00000000d0000000, 0x0000000100000000)
  region size 1024K, 64 young (65536K), 24 survivors (24576K)
 Metaspace       used 18073K, committed 18496K, reserved 1073152K
  class space    used 1600K, committed 1792K, reserved 1048576K
}
Event: 67.042 GC heap after
{Heap after GC invocations=496 (full 129):
 garbage-first heap   total 717824K, used 235251K [0x00000000d0000000, 0x0000000100000000)
  region size 1024K, 25 young (25600K), 25 survivors (25600K)
 Metaspace       used 18073K, committed 18496K, reserved 1073152K
  class space    used 1600K, committed 1792K, reserved 1048576K
}
Event: 67.894 GC heap before
{Heap before GC invocations=496 (full 129):
 garbage-first heap   total 717824K, used 591603K [0x00000000d0000000, 0x0000000100000000)
  region size 1024K, 298 young (305152K), 25 survivors (25600K)
 Metaspace       used 18073K, committed 18496K, reserved 1073152K
  class space    used 1600K, committed 1792K, reserved 1048576K
}
Event: 68.102 GC heap after
{Heap after GC invocations=497 (full 130):
 garbage-first heap   total 524288K, used 136156K [0x00000000d0000000, 0x0000000100000000)
  region size 1024K, 0 young (0K), 0 survivors (0K)
 Metaspace       used 18073K, committed 18496K, reserved 1073152K
  class space    used 1600K, committed 1792K, reserved 1048576K
}

