# JRE version: OpenJDK Runtime Environment Corretto-16.0.2.7.1 (16.0.2+7) (build 16.0.2+7)
# Java VM: OpenJDK 64-Bit Server VM Corretto-16.0.2.7.1 (16.0.2+7, mixed mode, sharing, tiered, compressed oops, compressed class ptrs, g1 gc, windows-amd64)
GC Precious Log:
 CPUs: 4 total, 4 available
 Memory: 7878M
 Large Page Support: Disabled
 NUMA Support: Disabled
 Compressed Oops: Enabled (32-bit)
 Heap Region Size: 1M
 Heap Min Capacity: 512M
 Heap Initial Capacity: 512M
 Heap Max Capacity: 768M
 Pre-touch: Disabled
 Parallel Workers: 4
 Concurrent Workers: 1
 Concurrent Refinement Workers: 4
 Periodic GC: Disabled
Heap:
 garbage-first heap   total 524288K, used 90637K [0x00000000d0000000, 0x0000000100000000)
  region size 1024K, 1 young (1024K), 0 survivors (0K)
 Metaspace       used 18852K, committed 19264K, reserved 1073152K
  class space    used 1598K, committed 1792K, reserved 1048576K
GC Heap History (20 events):
Event: 101.789 GC heap before
{Heap before GC invocations=365 (full 141):
 garbage-first heap   total 528384K, used 298819K [0x00000000d0000000, 0x0000000100000000)
  region size 1024K, 64 young (65536K), 5 survivors (5120K)
 Metaspace       used 18852K, committed 19264K, reserved 1073152K
  class space    used 1598K, committed 1792K, reserved 1048576K
}
Event: 101.796 GC heap after
{Heap after GC invocations=366 (full 141):
 garbage-first heap   total 528384K, used 187919K [0x00000000d0000000, 0x0000000100000000)
  region size 1024K, 6 young (6144K), 6 survivors (6144K)
 Metaspace       used 18852K, committed 19264K, reserved 1073152K
  class space    used 1598K, committed 1792K, reserved 1048576K
}
Event: 101.842 GC heap before
{Heap before GC invocations=366 (full 141):
 garbage-first heap   total 528384K, used 268815K [0x00000000d0000000, 0x0000000100000000)
  region size 1024K, 35 young (35840K), 6 survivors (6144K)
 Metaspace       used 18852K, committed 19264K, reserved 1073152K
  class space    used 1598K, committed 1792K, reserved 1048576K
}
Event: 101.850 GC heap after
{Heap after GC invocations=367 (full 141):
 garbage-first heap   total 528384K, used 152589K [0x00000000d0000000, 0x0000000100000000)
  region size 1024K, 5 young (5120K), 5 survivors (5120K)
 Metaspace       used 18852K, committed 19264K, reserved 1073152K
  class space    used 1598K, committed 1792K, reserved 1048576K
}
Event: 101.943 GC heap before
{Heap before GC invocations=367 (full 141):
 garbage-first heap   total 528384K, used 290829K [0x00000000d0000000, 0x0000000100000000)
  region size 1024K, 56 young (57344K), 5 survivors (5120K)
 Metaspace       used 18852K, committed 19264K, reserved 1073152K
  class space    used 1598K, committed 1792K, reserved 1048576K
}
Event: 101.950 GC heap after
{Heap after GC invocations=368 (full 141):
 garbage-first heap   total 577536K, used 117789K [0x00000000d0000000, 0x0000000100000000)
  region size 1024K, 5 young (5120K), 5 survivors (5120K)
 Metaspace       used 18852K, committed 19264K, reserved 1073152K
  class space    used 1598K, committed 1792K, reserved 1048576K
}
Event: 102.918 GC heap before
{Heap before GC invocations=368 (full 141):
 garbage-first heap   total 577536K, used 575517K [0x00000000d0000000, 0x0000000100000000)
  region size 1024K, 329 young (336896K), 5 survivors (5120K)
 Metaspace       used 18852K, committed 19264K, reserved 1073152K
  class space    used 1598K, committed 1792K, reserved 1048576K
}
Event: 102.928 GC heap after
{Heap after GC invocations=369 (full 141):
 garbage-first heap   total 586752K, used 108593K [0x00000000d0000000, 0x0000000100000000)
  region size 1024K, 9 young (9216K), 9 survivors (9216K)
 Metaspace       used 18852K, committed 19264K, reserved 1073152K
  class space    used 1598K, committed 1792K, reserved 1048576K
}
Event: 103.072 GC heap before
{Heap before GC invocations=369 (full 141):
 garbage-first heap   total 586752K, used 351281K [0x00000000d0000000, 0x0000000100000000)
  region size 1024K, 89 young (91136K), 9 survivors (9216K)
 Metaspace       used 18852K, committed 19264K, reserved 1073152K
  class space    used 1598K, committed 1792K, reserved 1048576K
}
Event: 103.083 GC heap after
{Heap after GC invocations=370 (full 141):
 garbage-first heap   total 586752K, used 131245K [0x00000000d0000000, 0x0000000100000000)
  region size 1024K, 9 young (9216K), 9 survivors (9216K)
 Metaspace       used 18852K, committed 19264K, reserved 1073152K
  class space    used 1598K, committed 1792K, reserved 1048576K
}
Event: 103.156 GC heap before
{Heap before GC invocations=370 (full 141):
 garbage-first heap   total 586752K, used 312493K [0x00000000d0000000, 0x0000000100000000)
  region size 1024K, 51 young (52224K), 9 survivors (9216K)
 Metaspace       used 18852K, committed 19264K, reserved 1073152K
  class space    used 1598K, committed 1792K, reserved 1048576K
}
Event: 103.168 GC heap after
{Heap after GC invocations=371 (full 141):
 garbage-first heap   total 586752K, used 131259K [0x00000000d0000000, 0x0000000100000000)
  region size 1024K, 9 young (9216K), 9 survivors (9216K)
 Metaspace       used 18852K, committed 19264K, reserved 1073152K
  class space    used 1598K, committed 1792K, reserved 1048576K
}
Event: 103.223 GC heap before
{Heap before GC invocations=371 (full 141):
 garbage-first heap   total 586752K, used 301243K [0x00000000d0000000, 0x0000000100000000)
  region size 1024K, 40 young (40960K), 9 survivors (9216K)
 Metaspace       used 18852K, committed 19264K, reserved 1073152K
  class space    used 1598K, committed 1792K, reserved 1048576K
}
Event: 103.234 GC heap after
{Heap after GC invocations=372 (full 141):
 garbage-first heap   total 586752K, used 131350K [0x00000000d0000000, 0x0000000100000000)
  region size 1024K, 10 young (10240K), 10 survivors (10240K)
 Metaspace       used 18852K, committed 19264K, reserved 1073152K
  class space    used 1598K, committed 1792K, reserved 1048576K
}
Event: 103.337 GC heap before
{Heap before GC invocations=372 (full 141):
 garbage-first heap   total 586752K, used 336150K [0x00000000d0000000, 0x0000000100000000)
  region size 1024K, 75 young (76800K), 10 survivors (10240K)
 Metaspace       used 18852K, committed 19264K, reserved 1073152K
  class space    used 1598K, committed 1792K, reserved 1048576K
}
Event: 103.349 GC heap after
{Heap after GC invocations=373 (full 141):
 garbage-first heap   total 586752K, used 131249K [0x00000000d0000000, 0x0000000100000000)
  region size 1024K, 9 young (9216K), 9 survivors (9216K)
 Metaspace       used 18852K, committed 19264K, reserved 1073152K
  class space    used 1598K, committed 1792K, reserved 1048576K
}
Event: 103.496 GC heap before
{Heap before GC invocations=373 (full 141):
 garbage-first heap   total 586752K, used 366769K [0x00000000d0000000, 0x0000000100000000)
  region size 1024K, 104 young (106496K), 9 survivors (9216K)
 Metaspace       used 18852K, committed 19264K, reserved 1073152K
  class space    used 1598K, committed 1792K, reserved 1048576K
}
Event: 103.508 GC heap after
{Heap after GC invocations=374 (full 141):
 garbage-first heap   total 586752K, used 131241K [0x00000000d0000000, 0x0000000100000000)
  region size 1024K, 9 young (9216K), 9 survivors (9216K)
 Metaspace       used 18852K, committed 19264K, reserved 1073152K
  class space    used 1598K, committed 1792K, reserved 1048576K
}
Event: 104.351 GC heap before
{Heap before GC invocations=374 (full 141):
 garbage-first heap   total 586752K, used 545961K [0x00000000d0000000, 0x0000000100000000)
  region size 1024K, 301 young (308224K), 9 survivors (9216K)
 Metaspace       used 18852K, committed 19264K, reserved 1073152K
  class space    used 1598K, committed 1792K, reserved 1048576K
}
Event: 104.455 GC heap after
{Heap after GC invocations=375 (full 142):
 garbage-first heap   total 524288K, used 90637K [0x00000000d0000000, 0x0000000100000000)
  region size 1024K, 0 young (0K), 0 survivors (0K)
 Metaspace       used 18852K, committed 19264K, reserved 1073152K
  class space    used 1598K, committed 1792K, reserved 1048576K
}

